Building DAG of jobs...
Using shell: /bin/bash
Provided cores: 1 (use --cores to define parallelism)
Rules claiming more threads will be scaled down.
Job stats:
job           count
----------  -------
all               1
call              2
merge_freq        1
total             4

Select jobs to execute...

[Thu Aug 29 12:33:52 2024]
rule call:
    input: data/reference_index/REJOc-reference.fa, data/sorted_reads/CD00-m000-00-REJOc.bam, data/bed_file/REJOc.bed
    output: data/calls/CD00-m000-00-REJOc.csv, data/coverage/CD00-m000-00-REJOc.csv
    jobid: 6
    reason: Updated input files: data/sorted_reads/CD00-m000-00-REJOc.bam
    wildcards: sample=CD00-m000-00-REJOc
    resources: tmpdir=/var/folders/k0/3b7hrv0d2n7fs2g57vkng1fm0000gp/T

[Thu Aug 29 12:33:53 2024]
Finished job 6.
1 of 4 steps (25%) done
Select jobs to execute...

[Thu Aug 29 12:33:53 2024]
rule call:
    input: data/reference_index/JRCSF-reference.fa, data/sorted_reads/CD00-m000-00-JRCSF.bam, data/bed_file/JRCSF.bed
    output: data/calls/CD00-m000-00-JRCSF.csv, data/coverage/CD00-m000-00-JRCSF.csv
    jobid: 2
    reason: Missing output files: data/calls/CD00-m000-00-JRCSF.csv
    wildcards: sample=CD00-m000-00-JRCSF
    resources: tmpdir=/var/folders/k0/3b7hrv0d2n7fs2g57vkng1fm0000gp/T

[Thu Aug 29 12:33:54 2024]
Finished job 2.
2 of 4 steps (50%) done
Select jobs to execute...

[Thu Aug 29 12:33:54 2024]
rule merge_freq:
    input: data/calls/CD00-m000-00-JRCSF.csv, data/calls/CD00-m000-00-REJOc.csv
    output: data/var_freq_merged.csv
    jobid: 1
    reason: Missing output files: data/var_freq_merged.csv; Input files updated by another job: data/calls/CD00-m000-00-REJOc.csv, data/calls/CD00-m000-00-JRCSF.csv
    resources: tmpdir=/var/folders/k0/3b7hrv0d2n7fs2g57vkng1fm0000gp/T

[Thu Aug 29 12:33:55 2024]
Finished job 1.
3 of 4 steps (75%) done
Select jobs to execute...

[Thu Aug 29 12:33:55 2024]
localrule all:
    input: data/var_freq_merged.csv
    jobid: 0
    reason: Input files updated by another job: data/var_freq_merged.csv
    resources: tmpdir=/var/folders/k0/3b7hrv0d2n7fs2g57vkng1fm0000gp/T

[Thu Aug 29 12:33:55 2024]
Finished job 0.
4 of 4 steps (100%) done
Complete log: .snakemake/log/2024-08-29T123351.729453.snakemake.log
