Building DAG of jobs...
Using shell: /bin/bash
Provided cores: 2
Rules claiming more threads will be scaled down.
Job stats:
job               count
--------------  -------
all                   1
bowtie2_map           2
call                  2
merge_coverage        1
merge_freq            1
samtools_sort         2
total                 9

Select jobs to execute...

[Thu Aug 29 12:34:52 2024]
rule bowtie2_map:
    input: data/reference_index/JRCSF-reference.fa, data/fastq_filtered/CD00-m000-00-JRCSF_R1.fastq.gz, data/fastq_filtered/CD00-m000-00-JRCSF_R2.fastq.gz
    output: data/mapped_reads/CD00-m000-00-JRCSF.bam
    log: logs/bowtie2/CD00-m000-00-JRCSF.log
    jobid: 4
    reason: Missing output files: data/mapped_reads/CD00-m000-00-JRCSF.bam
    wildcards: sample=CD00-m000-00-JRCSF
    threads: 2
    resources: tmpdir=/var/folders/k0/3b7hrv0d2n7fs2g57vkng1fm0000gp/T

[Thu Aug 29 12:34:52 2024]
Finished job 4.
1 of 9 steps (11%) done
Select jobs to execute...

[Thu Aug 29 12:34:52 2024]
rule bowtie2_map:
    input: data/reference_index/REJOc-reference.fa, data/fastq_filtered/CD00-m000-00-REJOc_R1.fastq.gz, data/fastq_filtered/CD00-m000-00-REJOc_R2.fastq.gz
    output: data/mapped_reads/CD00-m000-00-REJOc.bam
    log: logs/bowtie2/CD00-m000-00-REJOc.log
    jobid: 8
    reason: Missing output files: data/mapped_reads/CD00-m000-00-REJOc.bam
    wildcards: sample=CD00-m000-00-REJOc
    threads: 2
    resources: tmpdir=/var/folders/k0/3b7hrv0d2n7fs2g57vkng1fm0000gp/T

[Thu Aug 29 12:34:52 2024]
Finished job 8.
2 of 9 steps (22%) done
Select jobs to execute...

[Thu Aug 29 12:34:52 2024]
rule samtools_sort:
    input: data/mapped_reads/CD00-m000-00-JRCSF.bam
    output: data/sorted_reads/CD00-m000-00-JRCSF.bam
    jobid: 3
    reason: Missing output files: data/sorted_reads/CD00-m000-00-JRCSF.bam; Input files updated by another job: data/mapped_reads/CD00-m000-00-JRCSF.bam
    wildcards: sample=CD00-m000-00-JRCSF
    resources: tmpdir=/var/folders/k0/3b7hrv0d2n7fs2g57vkng1fm0000gp/T


[Thu Aug 29 12:34:52 2024]
rule samtools_sort:
    input: data/mapped_reads/CD00-m000-00-REJOc.bam
    output: data/sorted_reads/CD00-m000-00-REJOc.bam
    jobid: 7
    reason: Missing output files: data/sorted_reads/CD00-m000-00-REJOc.bam; Input files updated by another job: data/mapped_reads/CD00-m000-00-REJOc.bam
    wildcards: sample=CD00-m000-00-REJOc
    resources: tmpdir=/var/folders/k0/3b7hrv0d2n7fs2g57vkng1fm0000gp/T

[Thu Aug 29 12:34:52 2024]
Finished job 7.
3 of 9 steps (33%) done
Select jobs to execute...

[Thu Aug 29 12:34:52 2024]
rule call:
    input: data/reference_index/REJOc-reference.fa, data/sorted_reads/CD00-m000-00-REJOc.bam, data/bed_file/REJOc.bed
    output: data/calls/CD00-m000-00-REJOc.csv, data/coverage/CD00-m000-00-REJOc.csv
    jobid: 6
    reason: Missing output files: data/coverage/CD00-m000-00-REJOc.csv, data/calls/CD00-m000-00-REJOc.csv; Input files updated by another job: data/sorted_reads/CD00-m000-00-REJOc.bam
    wildcards: sample=CD00-m000-00-REJOc
    resources: tmpdir=/var/folders/k0/3b7hrv0d2n7fs2g57vkng1fm0000gp/T

[Thu Aug 29 12:34:52 2024]
Finished job 3.
4 of 9 steps (44%) done
Select jobs to execute...

[Thu Aug 29 12:34:52 2024]
rule call:
    input: data/reference_index/JRCSF-reference.fa, data/sorted_reads/CD00-m000-00-JRCSF.bam, data/bed_file/JRCSF.bed
    output: data/calls/CD00-m000-00-JRCSF.csv, data/coverage/CD00-m000-00-JRCSF.csv
    jobid: 2
    reason: Missing output files: data/coverage/CD00-m000-00-JRCSF.csv, data/calls/CD00-m000-00-JRCSF.csv; Input files updated by another job: data/sorted_reads/CD00-m000-00-JRCSF.bam
    wildcards: sample=CD00-m000-00-JRCSF
    resources: tmpdir=/var/folders/k0/3b7hrv0d2n7fs2g57vkng1fm0000gp/T

[Thu Aug 29 12:34:53 2024]
Error in rule call:
    jobid: 2
    input: data/reference_index/JRCSF-reference.fa, data/sorted_reads/CD00-m000-00-JRCSF.bam, data/bed_file/JRCSF.bed
    output: data/calls/CD00-m000-00-JRCSF.csv, data/coverage/CD00-m000-00-JRCSF.csv

RuleException:
CalledProcessError in file /Users/anitido/Documents/GitHub/Escapability/Viral Escape Analysis/Snakefile, line 108:
Command 'set -euo pipefail;  /Users/anitido/miniforge3/envs/viral_escape/bin/python3.10 '/Users/anitido/Documents/GitHub/Escapability/Viral Escape Analysis/.snakemake/scripts/tmp_lyo7o_5.codon_caller.py'' returned non-zero exit status 1.
  File "/Users/anitido/Documents/GitHub/Escapability/Viral Escape Analysis/Snakefile", line 108, in __rule_call
  File "/Users/anitido/miniforge3/envs/viral_escape/lib/python3.10/concurrent/futures/thread.py", line 58, in run
[Thu Aug 29 12:34:53 2024]
Error in rule call:
    jobid: 6
    input: data/reference_index/REJOc-reference.fa, data/sorted_reads/CD00-m000-00-REJOc.bam, data/bed_file/REJOc.bed
    output: data/calls/CD00-m000-00-REJOc.csv, data/coverage/CD00-m000-00-REJOc.csv

RuleException:
CalledProcessError in file /Users/anitido/Documents/GitHub/Escapability/Viral Escape Analysis/Snakefile, line 108:
Command 'set -euo pipefail;  /Users/anitido/miniforge3/envs/viral_escape/bin/python3.10 '/Users/anitido/Documents/GitHub/Escapability/Viral Escape Analysis/.snakemake/scripts/tmp6bqn6z7o.codon_caller.py'' returned non-zero exit status 1.
  File "/Users/anitido/Documents/GitHub/Escapability/Viral Escape Analysis/Snakefile", line 108, in __rule_call
  File "/Users/anitido/miniforge3/envs/viral_escape/lib/python3.10/concurrent/futures/thread.py", line 58, in run
Shutting down, this might take some time.
Exiting because a job execution failed. Look above for error message
Complete log: .snakemake/log/2024-08-29T123451.437697.snakemake.log
