Building DAG of jobs...
Using shell: /bin/bash
Provided cores: 1 (use --cores to define parallelism)
Rules claiming more threads will be scaled down.
Job stats:
job               count
--------------  -------
all                   1
call                  2
haplotype             2
merge_coverage        1
merge_freq            1
samtools_index        2
total                 9

Select jobs to execute...

[Thu Aug 29 12:28:51 2024]
rule haplotype:
    input: data/reference_index/JRCSF-reference.fa, data/sorted_reads/CD00-m000-00-JRCSF.bam, data/bed_file/JRCSF_haplotypes.bed
    output: data/haplotypes/CD00-m000-00-JRCSF.csv
    jobid: 9
    reason: Missing output files: data/haplotypes/CD00-m000-00-JRCSF.csv
    wildcards: sample=CD00-m000-00-JRCSF
    resources: tmpdir=/var/folders/k0/3b7hrv0d2n7fs2g57vkng1fm0000gp/T

[Thu Aug 29 12:28:52 2024]
Error in rule haplotype:
    jobid: 9
    input: data/reference_index/JRCSF-reference.fa, data/sorted_reads/CD00-m000-00-JRCSF.bam, data/bed_file/JRCSF_haplotypes.bed
    output: data/haplotypes/CD00-m000-00-JRCSF.csv

RuleException:
CalledProcessError in file /Users/anitido/Documents/GitHub/Escapability/Viral Escape Analysis/Snakefile, line 134:
Command 'set -euo pipefail;  /Users/anitido/miniforge3/envs/viral_escape/bin/python3.10 '/Users/anitido/Documents/GitHub/Escapability/Viral Escape Analysis/.snakemake/scripts/tmpozff8tve.haploptype.py'' returned non-zero exit status 1.
  File "/Users/anitido/Documents/GitHub/Escapability/Viral Escape Analysis/Snakefile", line 134, in __rule_haplotype
  File "/Users/anitido/miniforge3/envs/viral_escape/lib/python3.10/concurrent/futures/thread.py", line 58, in run
Shutting down, this might take some time.
Exiting because a job execution failed. Look above for error message
Complete log: .snakemake/log/2024-08-29T122850.958200.snakemake.log
