Building DAG of jobs...
Using shell: /bin/bash
Provided cores: 1 (use --cores to define parallelism)
Rules claiming more threads will be scaled down.
Job stats:
job               count
--------------  -------
all                   1
bowtie2_map           2
call                  2
merge_coverage        1
merge_freq            1
samtools_index        2
samtools_sort         2
total                11

Select jobs to execute...

[Thu Aug 29 12:35:54 2024]
rule bowtie2_map:
    input: data/reference_index/JRCSF-reference.fa, data/fastq_filtered/CD00-m000-00-JRCSF_R1.fastq.gz, data/fastq_filtered/CD00-m000-00-JRCSF_R2.fastq.gz
    output: data/mapped_reads/CD00-m000-00-JRCSF.bam
    log: logs/bowtie2/CD00-m000-00-JRCSF.log
    jobid: 3
    reason: Missing output files: data/mapped_reads/CD00-m000-00-JRCSF.bam
    wildcards: sample=CD00-m000-00-JRCSF
    resources: tmpdir=/var/folders/k0/3b7hrv0d2n7fs2g57vkng1fm0000gp/T

[Thu Aug 29 12:35:55 2024]
Finished job 3.
1 of 11 steps (9%) done
Select jobs to execute...

[Thu Aug 29 12:35:55 2024]
rule bowtie2_map:
    input: data/reference_index/REJOc-reference.fa, data/fastq_filtered/CD00-m000-00-REJOc_R1.fastq.gz, data/fastq_filtered/CD00-m000-00-REJOc_R2.fastq.gz
    output: data/mapped_reads/CD00-m000-00-REJOc.bam
    log: logs/bowtie2/CD00-m000-00-REJOc.log
    jobid: 7
    reason: Missing output files: data/mapped_reads/CD00-m000-00-REJOc.bam
    wildcards: sample=CD00-m000-00-REJOc
    resources: tmpdir=/var/folders/k0/3b7hrv0d2n7fs2g57vkng1fm0000gp/T

[Thu Aug 29 12:35:56 2024]
Finished job 7.
2 of 11 steps (18%) done
Select jobs to execute...

[Thu Aug 29 12:35:56 2024]
rule samtools_sort:
    input: data/mapped_reads/CD00-m000-00-REJOc.bam
    output: data/sorted_reads/CD00-m000-00-REJOc.bam
    jobid: 6
    reason: Missing output files: data/sorted_reads/CD00-m000-00-REJOc.bam; Input files updated by another job: data/mapped_reads/CD00-m000-00-REJOc.bam
    wildcards: sample=CD00-m000-00-REJOc
    resources: tmpdir=/var/folders/k0/3b7hrv0d2n7fs2g57vkng1fm0000gp/T

[Thu Aug 29 12:35:56 2024]
Finished job 6.
3 of 11 steps (27%) done
Select jobs to execute...

[Thu Aug 29 12:35:56 2024]
rule samtools_sort:
    input: data/mapped_reads/CD00-m000-00-JRCSF.bam
    output: data/sorted_reads/CD00-m000-00-JRCSF.bam
    jobid: 2
    reason: Missing output files: data/sorted_reads/CD00-m000-00-JRCSF.bam; Input files updated by another job: data/mapped_reads/CD00-m000-00-JRCSF.bam
    wildcards: sample=CD00-m000-00-JRCSF
    resources: tmpdir=/var/folders/k0/3b7hrv0d2n7fs2g57vkng1fm0000gp/T

[Thu Aug 29 12:35:56 2024]
Finished job 2.
4 of 11 steps (36%) done
Select jobs to execute...

[Thu Aug 29 12:35:56 2024]
rule samtools_index:
    input: data/sorted_reads/CD00-m000-00-JRCSF.bam
    output: data/sorted_reads/CD00-m000-00-JRCSF.bam.bai
    jobid: 1
    reason: Missing output files: data/sorted_reads/CD00-m000-00-JRCSF.bam.bai; Input files updated by another job: data/sorted_reads/CD00-m000-00-JRCSF.bam
    wildcards: sample=CD00-m000-00-JRCSF
    resources: tmpdir=/var/folders/k0/3b7hrv0d2n7fs2g57vkng1fm0000gp/T

[Thu Aug 29 12:35:56 2024]
Finished job 1.
5 of 11 steps (45%) done
Select jobs to execute...

[Thu Aug 29 12:35:56 2024]
rule call:
    input: data/reference_index/JRCSF-reference.fa, data/sorted_reads/CD00-m000-00-JRCSF.bam, data/bed_file/JRCSF.bed
    output: data/calls/CD00-m000-00-JRCSF.csv, data/coverage/CD00-m000-00-JRCSF.csv
    jobid: 10
    reason: Missing output files: data/coverage/CD00-m000-00-JRCSF.csv, data/calls/CD00-m000-00-JRCSF.csv; Input files updated by another job: data/sorted_reads/CD00-m000-00-JRCSF.bam
    wildcards: sample=CD00-m000-00-JRCSF
    resources: tmpdir=/var/folders/k0/3b7hrv0d2n7fs2g57vkng1fm0000gp/T

[Thu Aug 29 12:35:58 2024]
Finished job 10.
6 of 11 steps (55%) done
Select jobs to execute...

[Thu Aug 29 12:35:58 2024]
rule call:
    input: data/reference_index/REJOc-reference.fa, data/sorted_reads/CD00-m000-00-REJOc.bam, data/bed_file/REJOc.bed
    output: data/calls/CD00-m000-00-REJOc.csv, data/coverage/CD00-m000-00-REJOc.csv
    jobid: 11
    reason: Missing output files: data/calls/CD00-m000-00-REJOc.csv, data/coverage/CD00-m000-00-REJOc.csv; Input files updated by another job: data/sorted_reads/CD00-m000-00-REJOc.bam
    wildcards: sample=CD00-m000-00-REJOc
    resources: tmpdir=/var/folders/k0/3b7hrv0d2n7fs2g57vkng1fm0000gp/T

[Thu Aug 29 12:35:58 2024]
Error in rule call:
    jobid: 11
    input: data/reference_index/REJOc-reference.fa, data/sorted_reads/CD00-m000-00-REJOc.bam, data/bed_file/REJOc.bed
    output: data/calls/CD00-m000-00-REJOc.csv, data/coverage/CD00-m000-00-REJOc.csv

RuleException:
CalledProcessError in file /Users/anitido/Documents/GitHub/Escapability/Viral Escape Analysis/Snakefile, line 108:
Command 'set -euo pipefail;  /Users/anitido/miniforge3/envs/viral_escape/bin/python3.10 '/Users/anitido/Documents/GitHub/Escapability/Viral Escape Analysis/.snakemake/scripts/tmp1f13psev.codon_caller.py'' returned non-zero exit status 1.
  File "/Users/anitido/Documents/GitHub/Escapability/Viral Escape Analysis/Snakefile", line 108, in __rule_call
  File "/Users/anitido/miniforge3/envs/viral_escape/lib/python3.10/concurrent/futures/thread.py", line 58, in run
Shutting down, this might take some time.
Exiting because a job execution failed. Look above for error message
Complete log: .snakemake/log/2024-08-29T123554.260530.snakemake.log
