Building DAG of jobs...
Using shell: /bin/bash
Provided cores: 2
Rules claiming more threads will be scaled down.
Job stats:
job               count
--------------  -------
all                   1
call                  1
merge_coverage        1
merge_freq            1
samtools_index        1
total                 5

Select jobs to execute...

[Thu Aug 29 12:35:22 2024]
rule call:
    input: data/reference_index/JRCSF-reference.fa, data/sorted_reads/CD00-m000-00-JRCSF.bam, data/bed_file/JRCSF.bed
    output: data/calls/CD00-m000-00-JRCSF.csv, data/coverage/CD00-m000-00-JRCSF.csv
    jobid: 10
    reason: Missing output files: data/calls/CD00-m000-00-JRCSF.csv, data/coverage/CD00-m000-00-JRCSF.csv
    wildcards: sample=CD00-m000-00-JRCSF
    resources: tmpdir=/var/folders/k0/3b7hrv0d2n7fs2g57vkng1fm0000gp/T

[Thu Aug 29 12:35:22 2024]
rule samtools_index:
    input: data/sorted_reads/CD00-m000-00-JRCSF.bam
    output: data/sorted_reads/CD00-m000-00-JRCSF.bam.bai
    jobid: 1
    reason: Missing output files: data/sorted_reads/CD00-m000-00-JRCSF.bam.bai
    wildcards: sample=CD00-m000-00-JRCSF
    resources: tmpdir=/var/folders/k0/3b7hrv0d2n7fs2g57vkng1fm0000gp/T

[Thu Aug 29 12:35:23 2024]
Finished job 1.
1 of 5 steps (20%) done
[Thu Aug 29 12:35:24 2024]
Finished job 10.
2 of 5 steps (40%) done
Select jobs to execute...

[Thu Aug 29 12:35:24 2024]
rule merge_coverage:
    input: data/coverage/CD00-m000-00-JRCSF.csv, data/coverage/CD00-m000-00-REJOc.csv
    output: data/coverage_merged.csv
    jobid: 12
    reason: Missing output files: data/coverage_merged.csv; Input files updated by another job: data/coverage/CD00-m000-00-JRCSF.csv
    resources: tmpdir=/var/folders/k0/3b7hrv0d2n7fs2g57vkng1fm0000gp/T

[Thu Aug 29 12:35:24 2024]
rule merge_freq:
    input: data/calls/CD00-m000-00-JRCSF.csv, data/calls/CD00-m000-00-REJOc.csv
    output: data/var_freq_merged.csv
    jobid: 9
    reason: Missing output files: data/var_freq_merged.csv; Input files updated by another job: data/calls/CD00-m000-00-JRCSF.csv
    resources: tmpdir=/var/folders/k0/3b7hrv0d2n7fs2g57vkng1fm0000gp/T

[Thu Aug 29 12:35:25 2024]
Finished job 12.
3 of 5 steps (60%) done
[Thu Aug 29 12:35:25 2024]
Finished job 9.
4 of 5 steps (80%) done
Select jobs to execute...

[Thu Aug 29 12:35:25 2024]
localrule all:
    input: data/sorted_reads/CD00-m000-00-JRCSF.bam.bai, data/sorted_reads/CD00-m000-00-REJOc.bam.bai, data/var_freq_merged.csv, data/coverage_merged.csv
    jobid: 0
    reason: Input files updated by another job: data/coverage_merged.csv, data/var_freq_merged.csv, data/sorted_reads/CD00-m000-00-JRCSF.bam.bai
    resources: tmpdir=/var/folders/k0/3b7hrv0d2n7fs2g57vkng1fm0000gp/T

[Thu Aug 29 12:35:25 2024]
Finished job 0.
5 of 5 steps (100%) done
Complete log: .snakemake/log/2024-08-29T123522.398289.snakemake.log
