Building DAG of jobs...
Using shell: /bin/bash
Provided cores: 2
Rules claiming more threads will be scaled down.
Job stats:
job               count
--------------  -------
all                   1
call                  2
merge_coverage        1
merge_freq            1
samtools_index        2
samtools_sort         2
total                 9

Select jobs to execute...

[Thu Aug 29 14:18:31 2024]
rule samtools_sort:
    input: data/mapped_reads/CD00-m000-00-JRCSF.bam
    output: data/sorted_reads/CD00-m000-00-JRCSF.bam
    jobid: 3
    reason: Missing output files: data/sorted_reads/CD00-m000-00-JRCSF.bam
    wildcards: sample=CD00-m000-00-JRCSF
    resources: tmpdir=/var/folders/k0/3b7hrv0d2n7fs2g57vkng1fm0000gp/T


[Thu Aug 29 14:18:31 2024]
rule samtools_sort:
    input: data/mapped_reads/CD00-m000-00-REJOc.bam
    output: data/sorted_reads/CD00-m000-00-REJOc.bam
    jobid: 8
    reason: Missing output files: data/sorted_reads/CD00-m000-00-REJOc.bam
    wildcards: sample=CD00-m000-00-REJOc
    resources: tmpdir=/var/folders/k0/3b7hrv0d2n7fs2g57vkng1fm0000gp/T

[Thu Aug 29 14:18:31 2024]
Finished job 8.
1 of 9 steps (11%) done
Select jobs to execute...

[Thu Aug 29 14:18:31 2024]
rule samtools_index:
    input: data/sorted_reads/CD00-m000-00-REJOc.bam
    output: data/sorted_reads/CD00-m000-00-REJOc.bam.bai
    jobid: 11
    reason: Missing output files: data/sorted_reads/CD00-m000-00-REJOc.bam.bai; Input files updated by another job: data/sorted_reads/CD00-m000-00-REJOc.bam
    wildcards: sample=CD00-m000-00-REJOc
    resources: tmpdir=/var/folders/k0/3b7hrv0d2n7fs2g57vkng1fm0000gp/T

[Thu Aug 29 14:18:31 2024]
Finished job 3.
2 of 9 steps (22%) done
Select jobs to execute...

[Thu Aug 29 14:18:31 2024]
rule samtools_index:
    input: data/sorted_reads/CD00-m000-00-JRCSF.bam
    output: data/sorted_reads/CD00-m000-00-JRCSF.bam.bai
    jobid: 6
    reason: Missing output files: data/sorted_reads/CD00-m000-00-JRCSF.bam.bai; Input files updated by another job: data/sorted_reads/CD00-m000-00-JRCSF.bam
    wildcards: sample=CD00-m000-00-JRCSF
    resources: tmpdir=/var/folders/k0/3b7hrv0d2n7fs2g57vkng1fm0000gp/T

[Thu Aug 29 14:18:31 2024]
Finished job 11.
3 of 9 steps (33%) done
Select jobs to execute...

[Thu Aug 29 14:18:31 2024]
rule call:
    input: data/reference_index/REJOc-reference.fa, data/sorted_reads/CD00-m000-00-REJOc.bam, data/sorted_reads/CD00-m000-00-REJOc.bam.bai, data/bed_file/REJOc.bed
    output: data/calls/CD00-m000-00-REJOc.csv, data/coverage/CD00-m000-00-REJOc.csv
    jobid: 7
    reason: Missing output files: data/coverage/CD00-m000-00-REJOc.csv, data/calls/CD00-m000-00-REJOc.csv; Input files updated by another job: data/sorted_reads/CD00-m000-00-REJOc.bam.bai, data/sorted_reads/CD00-m000-00-REJOc.bam
    wildcards: sample=CD00-m000-00-REJOc
    resources: tmpdir=/var/folders/k0/3b7hrv0d2n7fs2g57vkng1fm0000gp/T

[Thu Aug 29 14:18:31 2024]
Finished job 6.
4 of 9 steps (44%) done
Select jobs to execute...

[Thu Aug 29 14:18:31 2024]
rule call:
    input: data/reference_index/JRCSF-reference.fa, data/sorted_reads/CD00-m000-00-JRCSF.bam, data/sorted_reads/CD00-m000-00-JRCSF.bam.bai, data/bed_file/JRCSF.bed
    output: data/calls/CD00-m000-00-JRCSF.csv, data/coverage/CD00-m000-00-JRCSF.csv
    jobid: 2
    reason: Missing output files: data/calls/CD00-m000-00-JRCSF.csv, data/coverage/CD00-m000-00-JRCSF.csv; Input files updated by another job: data/sorted_reads/CD00-m000-00-JRCSF.bam.bai, data/sorted_reads/CD00-m000-00-JRCSF.bam
    wildcards: sample=CD00-m000-00-JRCSF
    resources: tmpdir=/var/folders/k0/3b7hrv0d2n7fs2g57vkng1fm0000gp/T

[Thu Aug 29 14:18:32 2024]
Error in rule call:
    jobid: 7
    input: data/reference_index/REJOc-reference.fa, data/sorted_reads/CD00-m000-00-REJOc.bam, data/sorted_reads/CD00-m000-00-REJOc.bam.bai, data/bed_file/REJOc.bed
    output: data/calls/CD00-m000-00-REJOc.csv, data/coverage/CD00-m000-00-REJOc.csv

[Thu Aug 29 14:18:32 2024]
Error in rule call:
    jobid: 2
    input: data/reference_index/JRCSF-reference.fa, data/sorted_reads/CD00-m000-00-JRCSF.bam, data/sorted_reads/CD00-m000-00-JRCSF.bam.bai, data/bed_file/JRCSF.bed
    output: data/calls/CD00-m000-00-JRCSF.csv, data/coverage/CD00-m000-00-JRCSF.csv

RuleException:
CalledProcessError in file /Users/anitido/Documents/GitHub/Escapability/Viral Escape Analysis/Snakefile, line 105:
Command 'set -euo pipefail;  /Users/anitido/miniforge3/envs/viral_escape/bin/python3.10 '/Users/anitido/Documents/GitHub/Escapability/Viral Escape Analysis/.snakemake/scripts/tmp_gedzdv0.codon_caller.py'' returned non-zero exit status 1.
  File "/Users/anitido/Documents/GitHub/Escapability/Viral Escape Analysis/Snakefile", line 105, in __rule_call
  File "/Users/anitido/miniforge3/envs/viral_escape/lib/python3.10/concurrent/futures/thread.py", line 58, in run
RuleException:
CalledProcessError in file /Users/anitido/Documents/GitHub/Escapability/Viral Escape Analysis/Snakefile, line 105:
Command 'set -euo pipefail;  /Users/anitido/miniforge3/envs/viral_escape/bin/python3.10 '/Users/anitido/Documents/GitHub/Escapability/Viral Escape Analysis/.snakemake/scripts/tmp3cw7ou3p.codon_caller.py'' returned non-zero exit status 1.
  File "/Users/anitido/Documents/GitHub/Escapability/Viral Escape Analysis/Snakefile", line 105, in __rule_call
  File "/Users/anitido/miniforge3/envs/viral_escape/lib/python3.10/concurrent/futures/thread.py", line 58, in run
Shutting down, this might take some time.
Exiting because a job execution failed. Look above for error message
Complete log: .snakemake/log/2024-08-29T141831.224000.snakemake.log
