Building DAG of jobs...
Using shell: /bin/bash
Provided cores: 2
Rules claiming more threads will be scaled down.
Job stats:
job                 count
----------------  -------
all                     1
bowtie2_map             2
call_freq               2
diversity               1
filter_sequences        2
lofreq                  2
merge_diversity         1
samtools_index          2
samtools_sort           2
total                  15

Select jobs to execute...

[Thu Aug 29 16:32:08 2024]
rule filter_sequences:
    input: data/fastq_files/CD00-m000-00-JRCSF_R1.fastq.gz, data/fastq_files/CD00-m000-00-JRCSF_R2.fastq.gz
    output: data/fastq_filtered/CD00-m000-00-JRCSF_R1.fastq.gz, data/fastq_filtered/CD00-m000-00-JRCSF_R2.fastq.gz
    log: logs/fastq/CD00-m000-00-JRCSF.html
    jobid: 4
    reason: Missing output files: data/fastq_filtered/CD00-m000-00-JRCSF_R1.fastq.gz, data/fastq_filtered/CD00-m000-00-JRCSF_R2.fastq.gz
    wildcards: sample=CD00-m000-00-JRCSF
    resources: tmpdir=/var/folders/k0/3b7hrv0d2n7fs2g57vkng1fm0000gp/T


[Thu Aug 29 16:32:08 2024]
rule filter_sequences:
    input: data/fastq_files/CD00-m000-00-REJOc_R1.fastq.gz, data/fastq_files/CD00-m000-00-REJOc_R2.fastq.gz
    output: data/fastq_filtered/CD00-m000-00-REJOc_R1.fastq.gz, data/fastq_filtered/CD00-m000-00-REJOc_R2.fastq.gz
    log: logs/fastq/CD00-m000-00-REJOc.html
    jobid: 9
    reason: Missing output files: data/fastq_filtered/CD00-m000-00-REJOc_R1.fastq.gz, data/fastq_filtered/CD00-m000-00-REJOc_R2.fastq.gz
    wildcards: sample=CD00-m000-00-REJOc
    resources: tmpdir=/var/folders/k0/3b7hrv0d2n7fs2g57vkng1fm0000gp/T

[Thu Aug 29 16:32:09 2024]
Finished job 9.
1 of 15 steps (7%) done
Select jobs to execute...
[Thu Aug 29 16:32:09 2024]
Finished job 4.
2 of 15 steps (13%) done

[Thu Aug 29 16:32:09 2024]
rule bowtie2_map:
    input: data/reference_index/JRCSF-reference.fa, data/fastq_filtered/CD00-m000-00-JRCSF_R1.fastq.gz, data/fastq_filtered/CD00-m000-00-JRCSF_R2.fastq.gz
    output: data/mapped_reads/CD00-m000-00-JRCSF.bam
    log: logs/bowtie2/CD00-m000-00-JRCSF.log
    jobid: 3
    reason: Missing output files: data/mapped_reads/CD00-m000-00-JRCSF.bam; Input files updated by another job: data/fastq_filtered/CD00-m000-00-JRCSF_R1.fastq.gz, data/fastq_filtered/CD00-m000-00-JRCSF_R2.fastq.gz
    wildcards: sample=CD00-m000-00-JRCSF
    threads: 2
    resources: tmpdir=/var/folders/k0/3b7hrv0d2n7fs2g57vkng1fm0000gp/T

[Thu Aug 29 16:32:09 2024]
Finished job 3.
3 of 15 steps (20%) done
Select jobs to execute...

[Thu Aug 29 16:32:09 2024]
rule bowtie2_map:
    input: data/reference_index/REJOc-reference.fa, data/fastq_filtered/CD00-m000-00-REJOc_R1.fastq.gz, data/fastq_filtered/CD00-m000-00-REJOc_R2.fastq.gz
    output: data/mapped_reads/CD00-m000-00-REJOc.bam
    log: logs/bowtie2/CD00-m000-00-REJOc.log
    jobid: 8
    reason: Missing output files: data/mapped_reads/CD00-m000-00-REJOc.bam; Input files updated by another job: data/fastq_filtered/CD00-m000-00-REJOc_R1.fastq.gz, data/fastq_filtered/CD00-m000-00-REJOc_R2.fastq.gz
    wildcards: sample=CD00-m000-00-REJOc
    threads: 2
    resources: tmpdir=/var/folders/k0/3b7hrv0d2n7fs2g57vkng1fm0000gp/T

[Thu Aug 29 16:32:10 2024]
Finished job 8.
4 of 15 steps (27%) done
Select jobs to execute...

[Thu Aug 29 16:32:10 2024]
rule samtools_sort:
    input: data/mapped_reads/CD00-m000-00-REJOc.bam
    output: data/sorted_reads/CD00-m000-00-REJOc.bam
    jobid: 7
    reason: Missing output files: data/sorted_reads/CD00-m000-00-REJOc.bam; Input files updated by another job: data/mapped_reads/CD00-m000-00-REJOc.bam
    wildcards: sample=CD00-m000-00-REJOc
    resources: tmpdir=/var/folders/k0/3b7hrv0d2n7fs2g57vkng1fm0000gp/T


[Thu Aug 29 16:32:10 2024]
rule samtools_sort:
    input: data/mapped_reads/CD00-m000-00-JRCSF.bam
    output: data/sorted_reads/CD00-m000-00-JRCSF.bam
    jobid: 2
    reason: Missing output files: data/sorted_reads/CD00-m000-00-JRCSF.bam; Input files updated by another job: data/mapped_reads/CD00-m000-00-JRCSF.bam
    wildcards: sample=CD00-m000-00-JRCSF
    resources: tmpdir=/var/folders/k0/3b7hrv0d2n7fs2g57vkng1fm0000gp/T

[Thu Aug 29 16:32:10 2024]
Finished job 7.
5 of 15 steps (33%) done
Select jobs to execute...

[Thu Aug 29 16:32:10 2024]
rule samtools_index:
    input: data/sorted_reads/CD00-m000-00-REJOc.bam
    output: data/sorted_reads/CD00-m000-00-REJOc.bam.bai
    jobid: 10
    reason: Missing output files: data/sorted_reads/CD00-m000-00-REJOc.bam.bai; Input files updated by another job: data/sorted_reads/CD00-m000-00-REJOc.bam
    wildcards: sample=CD00-m000-00-REJOc
    resources: tmpdir=/var/folders/k0/3b7hrv0d2n7fs2g57vkng1fm0000gp/T

[Thu Aug 29 16:32:10 2024]
Finished job 2.
6 of 15 steps (40%) done
Select jobs to execute...

[Thu Aug 29 16:32:10 2024]
rule samtools_index:
    input: data/sorted_reads/CD00-m000-00-JRCSF.bam
    output: data/sorted_reads/CD00-m000-00-JRCSF.bam.bai
    jobid: 5
    reason: Missing output files: data/sorted_reads/CD00-m000-00-JRCSF.bam.bai; Input files updated by another job: data/sorted_reads/CD00-m000-00-JRCSF.bam
    wildcards: sample=CD00-m000-00-JRCSF
    resources: tmpdir=/var/folders/k0/3b7hrv0d2n7fs2g57vkng1fm0000gp/T

[Thu Aug 29 16:32:10 2024]
Finished job 10.
7 of 15 steps (47%) done
Select jobs to execute...

[Thu Aug 29 16:32:10 2024]
rule lofreq:
    input: data/reference_index/REJOc-reference.fa, data/sorted_reads/CD00-m000-00-REJOc.bam, data/sorted_reads/CD00-m000-00-REJOc.bam.bai, data/bed_file/REJOc.bed
    output: data/calls/CD00-m000-00-REJOc.vcf
    jobid: 6
    reason: Missing output files: data/calls/CD00-m000-00-REJOc.vcf; Input files updated by another job: data/sorted_reads/CD00-m000-00-REJOc.bam, data/sorted_reads/CD00-m000-00-REJOc.bam.bai
    wildcards: sample=CD00-m000-00-REJOc
    resources: tmpdir=/var/folders/k0/3b7hrv0d2n7fs2g57vkng1fm0000gp/T

[Thu Aug 29 16:32:10 2024]
Finished job 5.
8 of 15 steps (53%) done
Select jobs to execute...

[Thu Aug 29 16:32:10 2024]
rule lofreq:
    input: data/reference_index/JRCSF-reference.fa, data/sorted_reads/CD00-m000-00-JRCSF.bam, data/sorted_reads/CD00-m000-00-JRCSF.bam.bai, data/bed_file/JRCSF.bed
    output: data/calls/CD00-m000-00-JRCSF.vcf
    jobid: 1
    reason: Missing output files: data/calls/CD00-m000-00-JRCSF.vcf; Input files updated by another job: data/sorted_reads/CD00-m000-00-JRCSF.bam.bai, data/sorted_reads/CD00-m000-00-JRCSF.bam
    wildcards: sample=CD00-m000-00-JRCSF
    resources: tmpdir=/var/folders/k0/3b7hrv0d2n7fs2g57vkng1fm0000gp/T

[Thu Aug 29 16:32:11 2024]
Finished job 6.
9 of 15 steps (60%) done
Select jobs to execute...

[Thu Aug 29 16:32:11 2024]
rule call_freq:
    input: data/calls/CD00-m000-00-REJOc.vcf, data/reference_index/REJOc-reference.fa
    output: data/var_freq/CD00-m000-00-REJOc.csv
    jobid: 12
    reason: Missing output files: data/var_freq/CD00-m000-00-REJOc.csv; Input files updated by another job: data/calls/CD00-m000-00-REJOc.vcf
    wildcards: sample=CD00-m000-00-REJOc
    resources: tmpdir=/var/folders/k0/3b7hrv0d2n7fs2g57vkng1fm0000gp/T

[Thu Aug 29 16:32:12 2024]
Error in rule call_freq:
    jobid: 12
    input: data/calls/CD00-m000-00-REJOc.vcf, data/reference_index/REJOc-reference.fa
    output: data/var_freq/CD00-m000-00-REJOc.csv

RuleException:
CalledProcessError in file /Users/anitido/Documents/GitHub/Escapability/Viral Diversity Analysis/Snakefile, line 95:
Command 'set -euo pipefail;  /Users/anitido/miniforge3/envs/viral_escape/bin/python3.10 '/Users/anitido/Documents/GitHub/Escapability/Viral Diversity Analysis/.snakemake/scripts/tmpxkqiwhsx.vcf_to_df.py'' returned non-zero exit status 1.
  File "/Users/anitido/Documents/GitHub/Escapability/Viral Diversity Analysis/Snakefile", line 95, in __rule_call_freq
  File "/Users/anitido/miniforge3/envs/viral_escape/lib/python3.10/concurrent/futures/thread.py", line 58, in run
[Thu Aug 29 16:32:12 2024]
Finished job 1.
10 of 15 steps (67%) done
Shutting down, this might take some time.
Exiting because a job execution failed. Look above for error message
Complete log: .snakemake/log/2024-08-29T163208.120949.snakemake.log
